<?xml version="1.0" encoding="UTF-8"?>
<!-- Generated by org.testng.reporters.JUnitReportReporter -->
<testsuite skipped="0" hostname="Venky" name="testcase.sampleCreateleadReport" tests="1" failures="0" timestamp="23 Jul 2018 15:50:49 GMT" time="29.418" errors="0">
  <testcase name="createLead" time="29.418" classname="testcase.sampleCreateleadReport"/>
</testsuite> <!-- testcase.sampleCreateleadReport -->
