<?xml version="1.0" encoding="UTF-8"?>
<!-- Generated by org.testng.reporters.JUnitReportReporter -->
<testsuite skipped="0" hostname="Venky" name="overallTc.TC002EditLead" tests="2" failures="0" timestamp="10 Aug 2018 18:06:02 GMT" time="176.787" errors="0">
  <testcase name="editLeads" time="87.060" classname="overallTc.TC002EditLead"/>
  <testcase name="editLeads" time="89.727" classname="overallTc.TC002EditLead"/>
</testsuite> <!-- overallTc.TC002EditLead -->
