<?xml version="1.0" encoding="UTF-8"?>
<!-- Generated by org.testng.reporters.JUnitReportReporter -->
<testsuite skipped="0" hostname="Venky" name="overallTc.TC001CreateLead" tests="3" failures="0" timestamp="10 Aug 2018 18:06:02 GMT" time="61.189" errors="0">
  <testcase name="createLead" time="22.563" classname="overallTc.TC001CreateLead"/>
  <testcase name="createLead" time="19.625" classname="overallTc.TC001CreateLead"/>
  <testcase name="createLead" time="19.001" classname="overallTc.TC001CreateLead"/>
</testsuite> <!-- overallTc.TC001CreateLead -->
