<?xml version="1.0" encoding="UTF-8"?>
<!-- Generated by org.testng.reporters.JUnitReportReporter -->
<testsuite skipped="0" hostname="Venky" name="overallTc.TC003DuplicateLead" tests="3" failures="0" timestamp="10 Aug 2018 18:06:02 GMT" time="259.196" errors="0">
  <testcase name="editLeads" time="85.501" classname="overallTc.TC003DuplicateLead"/>
  <testcase name="editLeads" time="87.924" classname="overallTc.TC003DuplicateLead"/>
  <testcase name="editLeads" time="85.771" classname="overallTc.TC003DuplicateLead"/>
</testsuite> <!-- overallTc.TC003DuplicateLead -->
