<?xml version="1.0" encoding="UTF-8"?>
<!-- Generated by org.testng.reporters.JUnitReportReporter -->
<testsuite skipped="0" hostname="Venky" name="Excelfilemaintanace.ReadExcel" tests="1" failures="0" timestamp="28 Jul 2018 04:05:27 GMT" time="1.803" errors="0">
  <testcase name="excelread" time="1.803" classname="Excelfilemaintanace.ReadExcel"/>
</testsuite> <!-- Excelfilemaintanace.ReadExcel -->
